[2023-06-17T02:27:39.969049+00:00] log.DEBUG: SELECT COUNT(*) FROM `tb_admin` {"params":[],"types":[],"executionMS":0.0016829967498779297} []
[2023-06-17T02:27:39.985118+00:00] log.DEBUG: SELECT * FROM `tb_admin` LIMIT 20 {"params":[],"types":[],"executionMS":0.00041794776916503906} []
[2023-06-17T02:38:03.294422+00:00] log.DEBUG: SELECT COUNT(*) FROM `tb_admin` {"params":[],"types":[],"executionMS":0.0006148815155029297} []
[2023-06-17T02:38:03.302202+00:00] log.DEBUG: SELECT * FROM `tb_admin` LIMIT 20 {"params":[],"types":[],"executionMS":0.0004010200500488281} []
[2023-06-17T02:38:05.556852+00:00] log.DEBUG: SELECT COUNT(*) FROM `tb_admin` {"params":[],"types":[],"executionMS":0.0003387928009033203} []
[2023-06-17T02:38:05.562790+00:00] log.DEBUG: SELECT * FROM `tb_admin` LIMIT 20 {"params":[],"types":[],"executionMS":0.0004448890686035156} []
[2023-06-17T02:38:12.435698+00:00] log.DEBUG: SELECT COUNT(*) FROM `tb_pengunjung` {"params":[],"types":[],"executionMS":0.0010919570922851562} []
[2023-06-17T02:38:12.442655+00:00] log.DEBUG: SELECT * FROM `tb_pengunjung` LIMIT 20 {"params":[],"types":[],"executionMS":0.0003821849822998047} []
[2023-06-17T02:38:13.550683+00:00] log.DEBUG: SELECT COUNT(*) FROM `tb_admin` {"params":[],"types":[],"executionMS":0.0004220008850097656} []
[2023-06-17T02:38:13.558886+00:00] log.DEBUG: SELECT * FROM `tb_admin` LIMIT 20 {"params":[],"types":[],"executionMS":0.0006358623504638672} []
[2023-06-17T02:38:14.538241+00:00] log.DEBUG: SELECT COUNT(*) FROM `tb_pengunjung` {"params":[],"types":[],"executionMS":0.0006220340728759766} []
[2023-06-17T02:38:14.544273+00:00] log.DEBUG: SELECT * FROM `tb_pengunjung` LIMIT 20 {"params":[],"types":[],"executionMS":0.00046706199645996094} []
[2023-06-17T02:38:19.144264+00:00] log.DEBUG: SELECT COUNT(*) FROM `tb_periksa` {"params":[],"types":[],"executionMS":0.0006840229034423828} []
[2023-06-17T02:38:19.149846+00:00] log.DEBUG: SELECT * FROM `tb_periksa` LIMIT 20 {"params":[],"types":[],"executionMS":0.0005309581756591797} []
[2023-06-17T02:38:20.835923+00:00] log.DEBUG: SELECT COUNT(*) FROM `tb_pengunjung` {"params":[],"types":[],"executionMS":0.0006680488586425781} []
[2023-06-17T02:38:20.841500+00:00] log.DEBUG: SELECT * FROM `tb_pengunjung` LIMIT 20 {"params":[],"types":[],"executionMS":0.0004279613494873047} []
[2023-06-17T02:38:25.643320+00:00] log.DEBUG: SELECT COUNT(*) FROM `tb_admin` {"params":[],"types":[],"executionMS":0.0003809928894042969} []
[2023-06-17T02:38:25.649072+00:00] log.DEBUG: SELECT * FROM `tb_admin` LIMIT 20 {"params":[],"types":[],"executionMS":0.00045180320739746094} []
[2023-06-17T02:38:27.180136+00:00] log.DEBUG: SELECT COUNT(*) FROM `tb_pengunjung` {"params":[],"types":[],"executionMS":0.0007779598236083984} []
[2023-06-17T02:38:27.186016+00:00] log.DEBUG: SELECT * FROM `tb_pengunjung` LIMIT 20 {"params":[],"types":[],"executionMS":0.0005669593811035156} []
[2023-06-17T02:38:29.686916+00:00] log.DEBUG: SELECT * FROM `tb_pengunjung` WHERE `id` = 1 {"params":[],"types":[],"executionMS":0.004353046417236328} []
[2023-06-17T02:39:44.342631+00:00] log.DEBUG: SELECT COUNT(*) FROM `tb_pengunjung` {"params":[],"types":[],"executionMS":0.0007119178771972656} []
[2023-06-17T02:39:44.349978+00:00] log.DEBUG: SELECT * FROM `tb_pengunjung` LIMIT 20 {"params":[],"types":[],"executionMS":0.0004138946533203125} []
[2023-06-17T02:39:54.477000+00:00] log.DEBUG: SELECT COUNT(*) FROM `tb_periksa` {"params":[],"types":[],"executionMS":0.0012021064758300781} []
[2023-06-17T02:39:54.483931+00:00] log.DEBUG: SELECT * FROM `tb_periksa` LIMIT 20 {"params":[],"types":[],"executionMS":0.0004379749298095703} []
[2023-06-17T02:39:56.193855+00:00] log.DEBUG: SELECT COUNT(*) FROM `tb_pengunjung` {"params":[],"types":[],"executionMS":0.0006289482116699219} []
[2023-06-17T02:39:56.201367+00:00] log.DEBUG: SELECT * FROM `tb_pengunjung` LIMIT 20 {"params":[],"types":[],"executionMS":0.0004699230194091797} []
[2023-06-17T02:40:18.504520+00:00] log.DEBUG: SELECT COUNT(*) FROM `tb_admin` {"params":[],"types":[],"executionMS":0.0004489421844482422} []
[2023-06-17T02:40:18.512447+00:00] log.DEBUG: SELECT * FROM `tb_admin` LIMIT 20 {"params":[],"types":[],"executionMS":0.0004620552062988281} []
[2023-06-17T02:40:20.802913+00:00] log.DEBUG: SELECT COUNT(*) FROM `tb_periksa` {"params":[],"types":[],"executionMS":0.0011811256408691406} []
[2023-06-17T02:40:20.808444+00:00] log.DEBUG: SELECT * FROM `tb_periksa` LIMIT 20 {"params":[],"types":[],"executionMS":0.0005719661712646484} []
[2023-06-17T02:40:21.797055+00:00] log.DEBUG: SELECT COUNT(*) FROM `tb_pengunjung` {"params":[],"types":[],"executionMS":0.0013151168823242188} []
[2023-06-17T02:40:21.802371+00:00] log.DEBUG: SELECT * FROM `tb_pengunjung` LIMIT 20 {"params":[],"types":[],"executionMS":0.00045299530029296875} []
[2023-06-17T02:40:22.473875+00:00] log.DEBUG: SELECT COUNT(*) FROM `tbobat` {"params":[],"types":[],"executionMS":0.0003719329833984375} []
[2023-06-17T02:40:22.481267+00:00] log.DEBUG: SELECT * FROM `tbobat` LIMIT 20 {"params":[],"types":[],"executionMS":0.0004930496215820312} []
[2023-06-17T02:41:04.828484+00:00] log.DEBUG: SELECT COUNT(*) FROM `tbobat` {"params":[],"types":[],"executionMS":0.0004382133483886719} []
[2023-06-17T02:41:04.835165+00:00] log.DEBUG: SELECT * FROM `tbobat` LIMIT 20 {"params":[],"types":[],"executionMS":0.00043892860412597656} []
[2023-06-17T02:41:06.219180+00:00] log.DEBUG: SELECT COUNT(*) FROM `tb_admin` {"params":[],"types":[],"executionMS":0.0005691051483154297} []
[2023-06-17T02:41:06.224886+00:00] log.DEBUG: SELECT * FROM `tb_admin` LIMIT 20 {"params":[],"types":[],"executionMS":0.00039505958557128906} []
[2023-06-17T02:41:10.167488+00:00] log.DEBUG: SELECT COUNT(*) FROM `tb_admin` {"params":[],"types":[],"executionMS":0.00035190582275390625} []
[2023-06-17T02:41:10.175444+00:00] log.DEBUG: SELECT * FROM `tb_admin` LIMIT 20 {"params":[],"types":[],"executionMS":0.00043702125549316406} []
[2023-06-17T02:41:31.626665+00:00] log.DEBUG: SELECT COUNT(*) FROM `tb_admin` {"params":[],"types":[],"executionMS":0.0003170967102050781} []
[2023-06-17T02:41:31.632749+00:00] log.DEBUG: SELECT * FROM `tb_admin` LIMIT 20 {"params":[],"types":[],"executionMS":0.0006060600280761719} []
